{"/home/mkim/kimappsec/src/app.mts": {"path":"/home/mkim/kimappsec/src/app.mts","statementMap":{"0":{"start":{"line":9,"column":8},"end":{"line":9,"column":null}},"1":{"start":{"line":11,"column":2},"end":{"line":11,"column":null}},"2":{"start":{"line":12,"column":2},"end":{"line":12,"column":null}},"3":{"start":{"line":14,"column":2},"end":{"line":18,"column":null}},"4":{"start":{"line":19,"column":2},"end":{"line":19,"column":null}},"5":{"start":{"line":21,"column":2},"end":{"line":21,"column":null}},"6":{"start":{"line":23,"column":2},"end":{"line":23,"column":null}}},"fnMap":{"0":{"name":"buildServer","decl":{"start":{"line":8,"column":22},"end":{"line":8,"column":36}},"loc":{"start":{"line":8,"column":36},"end":{"line":24,"column":null}},"line":8}},"branchMap":{},"s":{"0":1,"1":1,"2":1,"3":1,"4":1,"5":1,"6":1},"f":{"0":1},"b":{},"meta":{"lastBranch":0,"lastFunction":1,"lastStatement":7,"seen":{"f:8:22:8:36":0,"s:9:8:9:Infinity":0,"s:11:2:11:Infinity":1,"s:12:2:12:Infinity":2,"s:14:2:18:Infinity":3,"s:19:2:19:Infinity":4,"s:21:2:21:Infinity":5,"s:23:2:23:Infinity":6}}}
,"/home/mkim/kimappsec/src/application/health/check-health.mts": {"path":"/home/mkim/kimappsec/src/application/health/check-health.mts","statementMap":{"0":{"start":{"line":7,"column":2},"end":{"line":7,"column":null}}},"fnMap":{"0":{"name":"checkHealth","decl":{"start":{"line":6,"column":22},"end":{"line":6,"column":59}},"loc":{"start":{"line":6,"column":59},"end":{"line":8,"column":null}},"line":6}},"branchMap":{},"s":{"0":3},"f":{"0":3},"b":{},"meta":{"lastBranch":0,"lastFunction":1,"lastStatement":1,"seen":{"f:6:22:6:59":0,"s:7:2:7:Infinity":0}}}
,"/home/mkim/kimappsec/src/domain/health/health-status.mts": {"path":"/home/mkim/kimappsec/src/domain/health/health-status.mts","statementMap":{"0":{"start":{"line":6,"column":2},"end":{"line":6,"column":null}}},"fnMap":{"0":{"name":"getHealthStatus","decl":{"start":{"line":5,"column":16},"end":{"line":5,"column":48}},"loc":{"start":{"line":5,"column":48},"end":{"line":7,"column":null}},"line":5}},"branchMap":{},"s":{"0":3},"f":{"0":3},"b":{},"meta":{"lastBranch":0,"lastFunction":1,"lastStatement":1,"seen":{"f:5:16:5:48":0,"s:6:2:6:Infinity":0}}}
,"/home/mkim/kimappsec/src/infrastructure/http/routes/health.mts": {"path":"/home/mkim/kimappsec/src/infrastructure/http/routes/health.mts","statementMap":{"0":{"start":{"line":4,"column":41},"end":{"line":6,"column":null}},"1":{"start":{"line":5,"column":2},"end":{"line":5,"column":null}},"2":{"start":{"line":5,"column":21},"end":{"line":5,"column":46}}},"fnMap":{"0":{"name":"(anonymous_0)","decl":{"start":{"line":4,"column":41},"end":{"line":4,"column":48}},"loc":{"start":{"line":4,"column":56},"end":{"line":6,"column":null}},"line":4},"1":{"name":"(anonymous_1)","decl":{"start":{"line":5,"column":21},"end":{"line":5,"column":33}},"loc":{"start":{"line":5,"column":21},"end":{"line":5,"column":46}},"line":5}},"branchMap":{},"s":{"0":1,"1":1,"2":1},"f":{"0":1,"1":1},"b":{},"meta":{"lastBranch":0,"lastFunction":2,"lastStatement":3,"seen":{"s:4:41:6:Infinity":0,"f:4:41:4:48":0,"s:5:2:5:Infinity":1,"f:5:21:5:33":1,"s:5:21:5:46":2}}}
,"/home/mkim/kimappsec/src/infrastructure/http/routes/index.mts": {"path":"/home/mkim/kimappsec/src/infrastructure/http/routes/index.mts","statementMap":{"0":{"start":{"line":4,"column":43},"end":{"line":6,"column":null}},"1":{"start":{"line":5,"column":2},"end":{"line":5,"column":null}}},"fnMap":{"0":{"name":"(anonymous_0)","decl":{"start":{"line":4,"column":43},"end":{"line":4,"column":50}},"loc":{"start":{"line":4,"column":58},"end":{"line":6,"column":null}},"line":4}},"branchMap":{},"s":{"0":1,"1":1},"f":{"0":1},"b":{},"meta":{"lastBranch":0,"lastFunction":1,"lastStatement":2,"seen":{"s:4:43:6:Infinity":0,"f:4:43:4:50":0,"s:5:2:5:Infinity":1}}}
}
